<?xml version="1.0" encoding="UTF-8"?>
<testsuite name="APIAutomationATB6x"
           tests="2"
           failures="0"
           errors="0"
           skipped="0"
           time="3.406">
    <properties></properties>



            <testcase
                name="testVWOLogin"
                time="2.875"
                classname="com.thetestingacademy.tests.ddt.vwoLoginAPITC">
            </testcase>
            <testcase
                name="testVWOLogin"
                time="0.531"
                classname="com.thetestingacademy.tests.ddt.vwoLoginAPITC">
            </testcase>
</testsuite>
