<?xml version="1.0" encoding="UTF-8"?>
<testsuite name="D:/TTA_WorkSpace/ATB6xAPIAutomationFWRA"
           tests="4"
           failures="0"
           errors="0"
           skipped="0"
           time="0.089">
    <properties></properties>



            <testcase
                name="testUpdateBookingById"
                time="0.004"
                classname="com.thetestingacademy.tests.integration.TCIntegration">
            </testcase>
            <testcase
                name="testDeleteBookingById"
                time="0.006"
                classname="com.thetestingacademy.tests.integration.TCIntegration">
            </testcase>
            <testcase
                name="testCreateBooking"
                time="0.079"
                classname="com.thetestingacademy.tests.integration.TCIntegration">
            </testcase>
            <testcase
                name="testVerifyBookingId"
                time="0.000"
                classname="com.thetestingacademy.tests.integration.TCIntegration">
            </testcase>
</testsuite>
