<?xml version="1.0" encoding="UTF-8"?>
<testsuite name="D:/TTA_WorkSpace/ATB6xAPIAutomationFWRA"
           tests="2"
           failures="0"
           errors="0"
           skipped="0"
           time="4.168">
    <properties></properties>



            <testcase
                name="testCreateBookingNegative"
                time="1.117"
                classname="com.thetestingacademy.tests.crud.testCreateBookingPOST">
            </testcase>
            <testcase
                name="testCreateBooking"
                time="3.051"
                classname="com.thetestingacademy.tests.crud.testCreateBookingPOST">
            </testcase>
</testsuite>
